This file contains any messages produced by compilers while
running configure, to aid debugging if configure makes a mistake.

It was created by faiss configure 1.0, which was
generated by GNU Autoconf 2.69.  Invocation command line was

  $ ./configure 

## --------- ##
## Platform. ##
## --------- ##

hostname = Terence
uname -m = x86_64
uname -r = 4.13.0-46-generic
uname -s = Linux
uname -v = #51-Ubuntu SMP Tue Jun 12 12:36:29 UTC 2018

/usr/bin/uname -p = unknown
/bin/uname -X     = unknown

/bin/arch              = unknown
/usr/bin/arch -k       = unknown
/usr/convex/getsysinfo = unknown
/usr/bin/hostinfo      = unknown
/bin/machine           = unknown
/usr/bin/oslevel       = unknown
/bin/universe          = unknown

PATH: /usr/local/sbin
PATH: /usr/local/bin
PATH: /usr/sbin
PATH: /usr/bin
PATH: /sbin
PATH: /bin
PATH: /snap/bin


## ----------- ##
## Core tests. ##
## ----------- ##

configure:2517: checking for g++
configure:2533: found /usr/bin/g++
configure:2544: result: g++
configure:2571: checking for C++ compiler version
configure:2580: g++ --version >&5
g++ (Ubuntu 7.2.0-8ubuntu3.2) 7.2.0
Copyright (C) 2017 Free Software Foundation, Inc.
This is free software; see the source for copying conditions.  There is NO
warranty; not even for MERCHANTABILITY or FITNESS FOR A PARTICULAR PURPOSE.

configure:2591: $? = 0
configure:2580: g++ -v >&5
Using built-in specs.
COLLECT_GCC=g++
COLLECT_LTO_WRAPPER=/usr/lib/gcc/x86_64-linux-gnu/7/lto-wrapper
OFFLOAD_TARGET_NAMES=nvptx-none
OFFLOAD_TARGET_DEFAULT=1
Target: x86_64-linux-gnu
Configured with: ../src/configure -v --with-pkgversion='Ubuntu 7.2.0-8ubuntu3.2' --with-bugurl=file:///usr/share/doc/gcc-7/README.Bugs --enable-languages=c,ada,c++,go,brig,d,fortran,objc,obj-c++ --prefix=/usr --with-gcc-major-version-only --program-suffix=-7 --program-prefix=x86_64-linux-gnu- --enable-shared --enable-linker-build-id --libexecdir=/usr/lib --without-included-gettext --enable-threads=posix --libdir=/usr/lib --enable-nls --with-sysroot=/ --enable-clocale=gnu --enable-libstdcxx-debug --enable-libstdcxx-time=yes --with-default-libstdcxx-abi=new --enable-gnu-unique-object --disable-vtable-verify --enable-libmpx --enable-plugin --enable-default-pie --with-system-zlib --with-target-system-zlib --enable-objc-gc=auto --enable-multiarch --disable-werror --with-arch-32=i686 --with-abi=m64 --with-multilib-list=m32,m64,mx32 --enable-multilib --with-tune=generic --enable-offload-targets=nvptx-none --without-cuda-driver --enable-checking=release --build=x86_64-linux-gnu --host=x86_64-linux-gnu --target=x86_64-linux-gnu
Thread model: posix
gcc version 7.2.0 (Ubuntu 7.2.0-8ubuntu3.2) 
configure:2591: $? = 0
configure:2580: g++ -V >&5
g++: error: unrecognized command line option '-V'
g++: fatal error: no input files
compilation terminated.
configure:2591: $? = 1
configure:2580: g++ -qversion >&5
g++: error: unrecognized command line option '-qversion'; did you mean '--version'?
g++: fatal error: no input files
compilation terminated.
configure:2591: $? = 1
configure:2611: checking whether the C++ compiler works
configure:2633: g++ -g -O3 -Wall -Wextra   conftest.cpp  >&5
configure:2637: $? = 0
configure:2685: result: yes
configure:2688: checking for C++ compiler default output file name
configure:2690: result: a.out
configure:2696: checking for suffix of executables
configure:2703: g++ -o conftest -g -O3 -Wall -Wextra   conftest.cpp  >&5
configure:2707: $? = 0
configure:2729: result: 
configure:2751: checking whether we are cross compiling
configure:2759: g++ -o conftest -g -O3 -Wall -Wextra   conftest.cpp  >&5
configure:2763: $? = 0
configure:2770: ./conftest
configure:2774: $? = 0
configure:2789: result: no
configure:2794: checking for suffix of object files
configure:2816: g++ -c -g -O3 -Wall -Wextra  conftest.cpp >&5
configure:2820: $? = 0
configure:2841: result: o
configure:2845: checking whether we are using the GNU C++ compiler
configure:2864: g++ -c -g -O3 -Wall -Wextra  conftest.cpp >&5
configure:2864: $? = 0
configure:2873: result: yes
configure:2882: checking whether g++ accepts -g
configure:2902: g++ -c -g  conftest.cpp >&5
configure:2902: $? = 0
configure:2943: result: yes
configure:2981: checking whether g++ supports C++11 features with -std=c++11
configure:3277: g++ -std=c++11 -c -g -O3 -Wall -Wextra  conftest.cpp >&5
configure:3277: $? = 0
configure:3286: result: yes
configure:3373: checking for gcc
configure:3389: found /usr/bin/gcc
configure:3400: result: gcc
configure:3629: checking for C compiler version
configure:3638: gcc --version >&5
gcc (Ubuntu 7.2.0-8ubuntu3.2) 7.2.0
Copyright (C) 2017 Free Software Foundation, Inc.
This is free software; see the source for copying conditions.  There is NO
warranty; not even for MERCHANTABILITY or FITNESS FOR A PARTICULAR PURPOSE.

configure:3649: $? = 0
configure:3638: gcc -v >&5
Using built-in specs.
COLLECT_GCC=gcc
COLLECT_LTO_WRAPPER=/usr/lib/gcc/x86_64-linux-gnu/7/lto-wrapper
OFFLOAD_TARGET_NAMES=nvptx-none
OFFLOAD_TARGET_DEFAULT=1
Target: x86_64-linux-gnu
Configured with: ../src/configure -v --with-pkgversion='Ubuntu 7.2.0-8ubuntu3.2' --with-bugurl=file:///usr/share/doc/gcc-7/README.Bugs --enable-languages=c,ada,c++,go,brig,d,fortran,objc,obj-c++ --prefix=/usr --with-gcc-major-version-only --program-suffix=-7 --program-prefix=x86_64-linux-gnu- --enable-shared --enable-linker-build-id --libexecdir=/usr/lib --without-included-gettext --enable-threads=posix --libdir=/usr/lib --enable-nls --with-sysroot=/ --enable-clocale=gnu --enable-libstdcxx-debug --enable-libstdcxx-time=yes --with-default-libstdcxx-abi=new --enable-gnu-unique-object --disable-vtable-verify --enable-libmpx --enable-plugin --enable-default-pie --with-system-zlib --with-target-system-zlib --enable-objc-gc=auto --enable-multiarch --disable-werror --with-arch-32=i686 --with-abi=m64 --with-multilib-list=m32,m64,mx32 --enable-multilib --with-tune=generic --enable-offload-targets=nvptx-none --without-cuda-driver --enable-checking=release --build=x86_64-linux-gnu --host=x86_64-linux-gnu --target=x86_64-linux-gnu
Thread model: posix
gcc version 7.2.0 (Ubuntu 7.2.0-8ubuntu3.2) 
configure:3649: $? = 0
configure:3638: gcc -V >&5
gcc: error: unrecognized command line option '-V'
gcc: fatal error: no input files
compilation terminated.
configure:3649: $? = 1
configure:3638: gcc -qversion >&5
gcc: error: unrecognized command line option '-qversion'; did you mean '--version'?
gcc: fatal error: no input files
compilation terminated.
configure:3649: $? = 1
configure:3653: checking whether we are using the GNU C compiler
configure:3672: gcc -c   conftest.c >&5
configure:3672: $? = 0
configure:3681: result: yes
configure:3690: checking whether gcc accepts -g
configure:3710: gcc -c -g  conftest.c >&5
configure:3710: $? = 0
configure:3751: result: yes
configure:3768: checking for gcc option to accept ISO C89
configure:3831: gcc  -c -g -O2  conftest.c >&5
configure:3831: $? = 0
configure:3844: result: none needed
configure:3869: checking how to run the C preprocessor
configure:3900: gcc -E  conftest.c
configure:3900: $? = 0
configure:3914: gcc -E  conftest.c
conftest.c:10:10: fatal error: ac_nonexistent.h: No such file or directory
 #include <ac_nonexistent.h>
          ^~~~~~~~~~~~~~~~~~
compilation terminated.
configure:3914: $? = 1
configure: failed program was:
| /* confdefs.h */
| #define PACKAGE_NAME "faiss"
| #define PACKAGE_TARNAME "faiss"
| #define PACKAGE_VERSION "1.0"
| #define PACKAGE_STRING "faiss 1.0"
| #define PACKAGE_BUGREPORT ""
| #define PACKAGE_URL ""
| #define HAVE_CXX11 1
| /* end confdefs.h.  */
| #include <ac_nonexistent.h>
configure:3939: result: gcc -E
configure:3959: gcc -E  conftest.c
configure:3959: $? = 0
configure:3973: gcc -E  conftest.c
conftest.c:10:10: fatal error: ac_nonexistent.h: No such file or directory
 #include <ac_nonexistent.h>
          ^~~~~~~~~~~~~~~~~~
compilation terminated.
configure:3973: $? = 1
configure: failed program was:
| /* confdefs.h */
| #define PACKAGE_NAME "faiss"
| #define PACKAGE_TARNAME "faiss"
| #define PACKAGE_VERSION "1.0"
| #define PACKAGE_STRING "faiss 1.0"
| #define PACKAGE_BUGREPORT ""
| #define PACKAGE_URL ""
| #define HAVE_CXX11 1
| /* end confdefs.h.  */
| #include <ac_nonexistent.h>
configure:4001: checking whether make sets $(MAKE)
configure:4023: result: yes
configure:4032: checking for a thread-safe mkdir -p
configure:4071: result: /bin/mkdir -p
configure:4090: checking for python
configure:4106: found /usr/bin/python
configure:4117: result: python
configure:4140: checking for python-config
configure:4156: found /usr/bin/python-config
configure:4167: result: python-config
configure:4178: checking for Python C flags
configure:4187: result: -I/usr/include/python2.7 -I/usr/include/x86_64-linux-gnu/python2.7
configure:4193: checking for Python ld flags
configure:4200: result: -L/usr/lib/python2.7/config-x86_64-linux-gnu -L/usr/lib -lpython2.7 -lpthread -ldl  -lutil -lm  -Xlinker -export-dynamic -Wl,-O1 -Wl,-Bsymbolic-functions
configure:4215: checking for numpy headers path
configure:4233: result: not found
configure:4235: WARNING: You won't be able to build the python interface.
configure:4256: checking for swig
configure:4286: result: no
configure:4299: checking how to run the C++ preprocessor
configure:4326: g++ -std=c++11 -E  conftest.cpp
configure:4326: $? = 0
configure:4340: g++ -std=c++11 -E  conftest.cpp
conftest.cpp:10:10: fatal error: ac_nonexistent.h: No such file or directory
 #include <ac_nonexistent.h>
          ^~~~~~~~~~~~~~~~~~
compilation terminated.
configure:4340: $? = 1
configure: failed program was:
| /* confdefs.h */
| #define PACKAGE_NAME "faiss"
| #define PACKAGE_TARNAME "faiss"
| #define PACKAGE_VERSION "1.0"
| #define PACKAGE_STRING "faiss 1.0"
| #define PACKAGE_BUGREPORT ""
| #define PACKAGE_URL ""
| #define HAVE_CXX11 1
| /* end confdefs.h.  */
| #include <ac_nonexistent.h>
configure:4365: result: g++ -std=c++11 -E
configure:4385: g++ -std=c++11 -E  conftest.cpp
configure:4385: $? = 0
configure:4399: g++ -std=c++11 -E  conftest.cpp
conftest.cpp:10:10: fatal error: ac_nonexistent.h: No such file or directory
 #include <ac_nonexistent.h>
          ^~~~~~~~~~~~~~~~~~
compilation terminated.
configure:4399: $? = 1
configure: failed program was:
| /* confdefs.h */
| #define PACKAGE_NAME "faiss"
| #define PACKAGE_TARNAME "faiss"
| #define PACKAGE_VERSION "1.0"
| #define PACKAGE_STRING "faiss 1.0"
| #define PACKAGE_BUGREPORT ""
| #define PACKAGE_URL ""
| #define HAVE_CXX11 1
| /* end confdefs.h.  */
| #include <ac_nonexistent.h>
configure:4428: checking for grep that handles long lines and -e
configure:4486: result: /bin/grep
configure:4491: checking for egrep
configure:4553: result: /bin/grep -E
configure:4558: checking for ANSI C header files
configure:4578: g++ -std=c++11 -c -g -O3 -Wall -Wextra  conftest.cpp >&5
configure:4578: $? = 0
configure:4651: g++ -std=c++11 -o conftest -g -O3 -Wall -Wextra   conftest.cpp  >&5
configure:4651: $? = 0
configure:4651: ./conftest
configure:4651: $? = 0
configure:4662: result: yes
configure:4675: checking for sys/types.h
configure:4675: g++ -std=c++11 -c -g -O3 -Wall -Wextra  conftest.cpp >&5
configure:4675: $? = 0
configure:4675: result: yes
configure:4675: checking for sys/stat.h
configure:4675: g++ -std=c++11 -c -g -O3 -Wall -Wextra  conftest.cpp >&5
configure:4675: $? = 0
configure:4675: result: yes
configure:4675: checking for stdlib.h
configure:4675: g++ -std=c++11 -c -g -O3 -Wall -Wextra  conftest.cpp >&5
configure:4675: $? = 0
configure:4675: result: yes
configure:4675: checking for string.h
configure:4675: g++ -std=c++11 -c -g -O3 -Wall -Wextra  conftest.cpp >&5
configure:4675: $? = 0
configure:4675: result: yes
configure:4675: checking for memory.h
configure:4675: g++ -std=c++11 -c -g -O3 -Wall -Wextra  conftest.cpp >&5
configure:4675: $? = 0
configure:4675: result: yes
configure:4675: checking for strings.h
configure:4675: g++ -std=c++11 -c -g -O3 -Wall -Wextra  conftest.cpp >&5
configure:4675: $? = 0
configure:4675: result: yes
configure:4675: checking for inttypes.h
configure:4675: g++ -std=c++11 -c -g -O3 -Wall -Wextra  conftest.cpp >&5
configure:4675: $? = 0
configure:4675: result: yes
configure:4675: checking for stdint.h
configure:4675: g++ -std=c++11 -c -g -O3 -Wall -Wextra  conftest.cpp >&5
configure:4675: $? = 0
configure:4675: result: yes
configure:4675: checking for unistd.h
configure:4675: g++ -std=c++11 -c -g -O3 -Wall -Wextra  conftest.cpp >&5
configure:4675: $? = 0
configure:4675: result: yes
configure:4702: checking for nvcc
configure:4733: result: no
configure:4936: checking float.h usability
configure:4936: g++ -std=c++11 -c -g -O3 -Wall -Wextra  conftest.cpp >&5
configure:4936: $? = 0
configure:4936: result: yes
configure:4936: checking float.h presence
configure:4936: g++ -std=c++11 -E  conftest.cpp
configure:4936: $? = 0
configure:4936: result: yes
configure:4936: checking for float.h
configure:4936: result: yes
configure:4936: checking limits.h usability
configure:4936: g++ -std=c++11 -c -g -O3 -Wall -Wextra  conftest.cpp >&5
configure:4936: $? = 0
configure:4936: result: yes
configure:4936: checking limits.h presence
configure:4936: g++ -std=c++11 -E  conftest.cpp
configure:4936: $? = 0
configure:4936: result: yes
configure:4936: checking for limits.h
configure:4936: result: yes
configure:4936: checking stddef.h usability
configure:4936: g++ -std=c++11 -c -g -O3 -Wall -Wextra  conftest.cpp >&5
configure:4936: $? = 0
configure:4936: result: yes
configure:4936: checking stddef.h presence
configure:4936: g++ -std=c++11 -E  conftest.cpp
configure:4936: $? = 0
configure:4936: result: yes
configure:4936: checking for stddef.h
configure:4936: result: yes
configure:4936: checking for stdint.h
configure:4936: result: yes
configure:4936: checking for stdlib.h
configure:4936: result: yes
configure:4936: checking for string.h
configure:4936: result: yes
configure:4936: checking sys/time.h usability
configure:4936: g++ -std=c++11 -c -g -O3 -Wall -Wextra  conftest.cpp >&5
configure:4936: $? = 0
configure:4936: result: yes
configure:4936: checking sys/time.h presence
configure:4936: g++ -std=c++11 -E  conftest.cpp
configure:4936: $? = 0
configure:4936: result: yes
configure:4936: checking for sys/time.h
configure:4936: result: yes
configure:4936: checking for unistd.h
configure:4936: result: yes
configure:4948: checking for stdbool.h that conforms to C99
configure:5015: g++ -std=c++11 -c -g -O3 -Wall -Wextra  conftest.cpp >&5
conftest.cpp:31:15: error: expected unqualified-id before string constant
               "error: bool is not defined"
               ^~~~~~~~~~~~~~~~~~~~~~~~~~~~
conftest.cpp:49:48: error: 's' does not name a type
              struct s { _Bool s: 1; _Bool t; } s;
                                                ^
conftest.cpp:59:28: error: 's' was not declared in this scope
              char i[sizeof s.t];
                            ^
conftest.cpp: In function 'int main()':
conftest.cpp:77:24: error: 's' was not declared in this scope
              bool e = &s;
                        ^
conftest.cpp:81:63: error: 'i' was not declared in this scope
              return (!a + !b + !c + !d + !e + !f + !g + !h + !i + !!j + !k + !!l
                                                               ^
conftest.cpp:82:25: warning: enum constant in boolean context [-Wint-in-bool-context]
                         ^
configure:5015: $? = 1
configure: failed program was:
| /* confdefs.h */
| #define PACKAGE_NAME "faiss"
| #define PACKAGE_TARNAME "faiss"
| #define PACKAGE_VERSION "1.0"
| #define PACKAGE_STRING "faiss 1.0"
| #define PACKAGE_BUGREPORT ""
| #define PACKAGE_URL ""
| #define HAVE_CXX11 1
| #define STDC_HEADERS 1
| #define HAVE_SYS_TYPES_H 1
| #define HAVE_SYS_STAT_H 1
| #define HAVE_STDLIB_H 1
| #define HAVE_STRING_H 1
| #define HAVE_MEMORY_H 1
| #define HAVE_STRINGS_H 1
| #define HAVE_INTTYPES_H 1
| #define HAVE_STDINT_H 1
| #define HAVE_UNISTD_H 1
| #define HAVE_FLOAT_H 1
| #define HAVE_LIMITS_H 1
| #define HAVE_STDDEF_H 1
| #define HAVE_STDINT_H 1
| #define HAVE_STDLIB_H 1
| #define HAVE_STRING_H 1
| #define HAVE_SYS_TIME_H 1
| #define HAVE_UNISTD_H 1
| /* end confdefs.h.  */
| 
|              #include <stdbool.h>
|              #ifndef bool
|               "error: bool is not defined"
|              #endif
|              #ifndef false
|               "error: false is not defined"
|              #endif
|              #if false
|               "error: false is not 0"
|              #endif
|              #ifndef true
|               "error: true is not defined"
|              #endif
|              #if true != 1
|               "error: true is not 1"
|              #endif
|              #ifndef __bool_true_false_are_defined
|               "error: __bool_true_false_are_defined is not defined"
|              #endif
| 
|              struct s { _Bool s: 1; _Bool t; } s;
| 
|              char a[true == 1 ? 1 : -1];
|              char b[false == 0 ? 1 : -1];
|              char c[__bool_true_false_are_defined == 1 ? 1 : -1];
|              char d[(bool) 0.5 == true ? 1 : -1];
|              /* See body of main program for 'e'.  */
|              char f[(_Bool) 0.0 == false ? 1 : -1];
|              char g[true];
|              char h[sizeof (_Bool)];
|              char i[sizeof s.t];
|              enum { j = false, k = true, l = false * true, m = true * 256 };
|              /* The following fails for
|                 HP aC++/ANSI C B3910B A.05.55 [Dec 04 2003]. */
|              _Bool n[m];
|              char o[sizeof n == m * sizeof n[0] ? 1 : -1];
|              char p[-1 - (_Bool) 0 < 0 && -1 - (bool) 0 < 0 ? 1 : -1];
|              /* Catch a bug in an HP-UX C compiler.  See
|                 http://gcc.gnu.org/ml/gcc-patches/2003-12/msg02303.html
|                 http://lists.gnu.org/archive/html/bug-coreutils/2005-11/msg00161.html
|               */
|              _Bool q = true;
|              _Bool *pq = &q;
| 
| int
| main ()
| {
| 
|              bool e = &s;
|              *pq |= q;
|              *pq |= ! q;
|              /* Refer to every declared value, to avoid compiler optimizations.  */
|              return (!a + !b + !c + !d + !e + !f + !g + !h + !i + !!j + !k + !!l
|                      + !m + !n + !o + !p + !q + !pq);
| 
|   ;
|   return 0;
| }
configure:5022: result: no
configure:5024: checking for _Bool
configure:5024: g++ -std=c++11 -c -g -O3 -Wall -Wextra  conftest.cpp >&5
conftest.cpp: In function 'int main()':
conftest.cpp:64:13: error: '_Bool' was not declared in this scope
 if (sizeof (_Bool))
             ^~~~~
conftest.cpp:64:13: note: suggested alternative: 'bool'
 if (sizeof (_Bool))
             ^~~~~
             bool
configure:5024: $? = 1
configure: failed program was:
| /* confdefs.h */
| #define PACKAGE_NAME "faiss"
| #define PACKAGE_TARNAME "faiss"
| #define PACKAGE_VERSION "1.0"
| #define PACKAGE_STRING "faiss 1.0"
| #define PACKAGE_BUGREPORT ""
| #define PACKAGE_URL ""
| #define HAVE_CXX11 1
| #define STDC_HEADERS 1
| #define HAVE_SYS_TYPES_H 1
| #define HAVE_SYS_STAT_H 1
| #define HAVE_STDLIB_H 1
| #define HAVE_STRING_H 1
| #define HAVE_MEMORY_H 1
| #define HAVE_STRINGS_H 1
| #define HAVE_INTTYPES_H 1
| #define HAVE_STDINT_H 1
| #define HAVE_UNISTD_H 1
| #define HAVE_FLOAT_H 1
| #define HAVE_LIMITS_H 1
| #define HAVE_STDDEF_H 1
| #define HAVE_STDINT_H 1
| #define HAVE_STDLIB_H 1
| #define HAVE_STRING_H 1
| #define HAVE_SYS_TIME_H 1
| #define HAVE_UNISTD_H 1
| /* end confdefs.h.  */
| #include <stdio.h>
| #ifdef HAVE_SYS_TYPES_H
| # include <sys/types.h>
| #endif
| #ifdef HAVE_SYS_STAT_H
| # include <sys/stat.h>
| #endif
| #ifdef STDC_HEADERS
| # include <stdlib.h>
| # include <stddef.h>
| #else
| # ifdef HAVE_STDLIB_H
| #  include <stdlib.h>
| # endif
| #endif
| #ifdef HAVE_STRING_H
| # if !defined STDC_HEADERS && defined HAVE_MEMORY_H
| #  include <memory.h>
| # endif
| # include <string.h>
| #endif
| #ifdef HAVE_STRINGS_H
| # include <strings.h>
| #endif
| #ifdef HAVE_INTTYPES_H
| # include <inttypes.h>
| #endif
| #ifdef HAVE_STDINT_H
| # include <stdint.h>
| #endif
| #ifdef HAVE_UNISTD_H
| # include <unistd.h>
| #endif
| int
| main ()
| {
| if (sizeof (_Bool))
| 	 return 0;
|   ;
|   return 0;
| }
configure:5024: result: no
configure:5035: checking for inline
configure:5051: g++ -std=c++11 -c -g -O3 -Wall -Wextra  conftest.cpp >&5
configure:5051: $? = 0
configure:5059: result: inline
configure:5077: checking for int32_t
configure:5077: g++ -std=c++11 -c -g -O3 -Wall -Wextra  conftest.cpp >&5
configure:5077: $? = 0
configure:5077: g++ -std=c++11 -c -g -O3 -Wall -Wextra  conftest.cpp >&5
conftest.cpp: In function 'int main()':
conftest.cpp:66:53: warning: integer overflow in expression [-Woverflow]
    < (int32_t) (((((int32_t) 1 << N) << N) - 1) * 2 + 2))];
                 ~~~~~~~~~~~~~~~~~~~~~~~~~~~~~~~~~~~~^~~
conftest.cpp:66:58: error: size of array 'test_array' is negative
    < (int32_t) (((((int32_t) 1 << N) << N) - 1) * 2 + 2))];
                                                          ^
configure:5077: $? = 1
configure: failed program was:
| /* confdefs.h */
| #define PACKAGE_NAME "faiss"
| #define PACKAGE_TARNAME "faiss"
| #define PACKAGE_VERSION "1.0"
| #define PACKAGE_STRING "faiss 1.0"
| #define PACKAGE_BUGREPORT ""
| #define PACKAGE_URL ""
| #define HAVE_CXX11 1
| #define STDC_HEADERS 1
| #define HAVE_SYS_TYPES_H 1
| #define HAVE_SYS_STAT_H 1
| #define HAVE_STDLIB_H 1
| #define HAVE_STRING_H 1
| #define HAVE_MEMORY_H 1
| #define HAVE_STRINGS_H 1
| #define HAVE_INTTYPES_H 1
| #define HAVE_STDINT_H 1
| #define HAVE_UNISTD_H 1
| #define HAVE_FLOAT_H 1
| #define HAVE_LIMITS_H 1
| #define HAVE_STDDEF_H 1
| #define HAVE_STDINT_H 1
| #define HAVE_STDLIB_H 1
| #define HAVE_STRING_H 1
| #define HAVE_SYS_TIME_H 1
| #define HAVE_UNISTD_H 1
| /* end confdefs.h.  */
| #include <stdio.h>
| #ifdef HAVE_SYS_TYPES_H
| # include <sys/types.h>
| #endif
| #ifdef HAVE_SYS_STAT_H
| # include <sys/stat.h>
| #endif
| #ifdef STDC_HEADERS
| # include <stdlib.h>
| # include <stddef.h>
| #else
| # ifdef HAVE_STDLIB_H
| #  include <stdlib.h>
| # endif
| #endif
| #ifdef HAVE_STRING_H
| # if !defined STDC_HEADERS && defined HAVE_MEMORY_H
| #  include <memory.h>
| # endif
| # include <string.h>
| #endif
| #ifdef HAVE_STRINGS_H
| # include <strings.h>
| #endif
| #ifdef HAVE_INTTYPES_H
| # include <inttypes.h>
| #endif
| #ifdef HAVE_STDINT_H
| # include <stdint.h>
| #endif
| #ifdef HAVE_UNISTD_H
| # include <unistd.h>
| #endif
| 	        enum { N = 32 / 2 - 1 };
| int
| main ()
| {
| static int test_array [1 - 2 * !((int32_t) (((((int32_t) 1 << N) << N) - 1) * 2 + 1)
| 		 < (int32_t) (((((int32_t) 1 << N) << N) - 1) * 2 + 2))];
| test_array [0] = 0;
| return test_array [0];
| 
|   ;
|   return 0;
| }
configure:5077: result: yes
configure:5088: checking for int64_t
configure:5088: g++ -std=c++11 -c -g -O3 -Wall -Wextra  conftest.cpp >&5
configure:5088: $? = 0
configure:5088: g++ -std=c++11 -c -g -O3 -Wall -Wextra  conftest.cpp >&5
conftest.cpp: In function 'int main()':
conftest.cpp:66:53: warning: integer overflow in expression [-Woverflow]
    < (int64_t) (((((int64_t) 1 << N) << N) - 1) * 2 + 2))];
                 ~~~~~~~~~~~~~~~~~~~~~~~~~~~~~~~~~~~~^~~
conftest.cpp:66:58: error: size of array 'test_array' is negative
    < (int64_t) (((((int64_t) 1 << N) << N) - 1) * 2 + 2))];
                                                          ^
configure:5088: $? = 1
configure: failed program was:
| /* confdefs.h */
| #define PACKAGE_NAME "faiss"
| #define PACKAGE_TARNAME "faiss"
| #define PACKAGE_VERSION "1.0"
| #define PACKAGE_STRING "faiss 1.0"
| #define PACKAGE_BUGREPORT ""
| #define PACKAGE_URL ""
| #define HAVE_CXX11 1
| #define STDC_HEADERS 1
| #define HAVE_SYS_TYPES_H 1
| #define HAVE_SYS_STAT_H 1
| #define HAVE_STDLIB_H 1
| #define HAVE_STRING_H 1
| #define HAVE_MEMORY_H 1
| #define HAVE_STRINGS_H 1
| #define HAVE_INTTYPES_H 1
| #define HAVE_STDINT_H 1
| #define HAVE_UNISTD_H 1
| #define HAVE_FLOAT_H 1
| #define HAVE_LIMITS_H 1
| #define HAVE_STDDEF_H 1
| #define HAVE_STDINT_H 1
| #define HAVE_STDLIB_H 1
| #define HAVE_STRING_H 1
| #define HAVE_SYS_TIME_H 1
| #define HAVE_UNISTD_H 1
| /* end confdefs.h.  */
| #include <stdio.h>
| #ifdef HAVE_SYS_TYPES_H
| # include <sys/types.h>
| #endif
| #ifdef HAVE_SYS_STAT_H
| # include <sys/stat.h>
| #endif
| #ifdef STDC_HEADERS
| # include <stdlib.h>
| # include <stddef.h>
| #else
| # ifdef HAVE_STDLIB_H
| #  include <stdlib.h>
| # endif
| #endif
| #ifdef HAVE_STRING_H
| # if !defined STDC_HEADERS && defined HAVE_MEMORY_H
| #  include <memory.h>
| # endif
| # include <string.h>
| #endif
| #ifdef HAVE_STRINGS_H
| # include <strings.h>
| #endif
| #ifdef HAVE_INTTYPES_H
| # include <inttypes.h>
| #endif
| #ifdef HAVE_STDINT_H
| # include <stdint.h>
| #endif
| #ifdef HAVE_UNISTD_H
| # include <unistd.h>
| #endif
| 	        enum { N = 64 / 2 - 1 };
| int
| main ()
| {
| static int test_array [1 - 2 * !((int64_t) (((((int64_t) 1 << N) << N) - 1) * 2 + 1)
| 		 < (int64_t) (((((int64_t) 1 << N) << N) - 1) * 2 + 2))];
| test_array [0] = 0;
| return test_array [0];
| 
|   ;
|   return 0;
| }
configure:5088: result: yes
configure:5099: checking for C/C++ restrict keyword
configure:5124: g++ -std=c++11 -c -g -O3 -Wall -Wextra  conftest.cpp >&5
configure:5124: $? = 0
configure:5132: result: __restrict
configure:5145: checking for size_t
configure:5145: g++ -std=c++11 -c -g -O3 -Wall -Wextra  conftest.cpp >&5
configure:5145: $? = 0
configure:5145: g++ -std=c++11 -c -g -O3 -Wall -Wextra  conftest.cpp >&5
conftest.cpp: In function 'int main()':
conftest.cpp:65:20: error: expected primary-expression before ')' token
 if (sizeof ((size_t)))
                    ^
configure:5145: $? = 1
configure: failed program was:
| /* confdefs.h */
| #define PACKAGE_NAME "faiss"
| #define PACKAGE_TARNAME "faiss"
| #define PACKAGE_VERSION "1.0"
| #define PACKAGE_STRING "faiss 1.0"
| #define PACKAGE_BUGREPORT ""
| #define PACKAGE_URL ""
| #define HAVE_CXX11 1
| #define STDC_HEADERS 1
| #define HAVE_SYS_TYPES_H 1
| #define HAVE_SYS_STAT_H 1
| #define HAVE_STDLIB_H 1
| #define HAVE_STRING_H 1
| #define HAVE_MEMORY_H 1
| #define HAVE_STRINGS_H 1
| #define HAVE_INTTYPES_H 1
| #define HAVE_STDINT_H 1
| #define HAVE_UNISTD_H 1
| #define HAVE_FLOAT_H 1
| #define HAVE_LIMITS_H 1
| #define HAVE_STDDEF_H 1
| #define HAVE_STDINT_H 1
| #define HAVE_STDLIB_H 1
| #define HAVE_STRING_H 1
| #define HAVE_SYS_TIME_H 1
| #define HAVE_UNISTD_H 1
| #define restrict __restrict
| /* end confdefs.h.  */
| #include <stdio.h>
| #ifdef HAVE_SYS_TYPES_H
| # include <sys/types.h>
| #endif
| #ifdef HAVE_SYS_STAT_H
| # include <sys/stat.h>
| #endif
| #ifdef STDC_HEADERS
| # include <stdlib.h>
| # include <stddef.h>
| #else
| # ifdef HAVE_STDLIB_H
| #  include <stdlib.h>
| # endif
| #endif
| #ifdef HAVE_STRING_H
| # if !defined STDC_HEADERS && defined HAVE_MEMORY_H
| #  include <memory.h>
| # endif
| # include <string.h>
| #endif
| #ifdef HAVE_STRINGS_H
| # include <strings.h>
| #endif
| #ifdef HAVE_INTTYPES_H
| # include <inttypes.h>
| #endif
| #ifdef HAVE_STDINT_H
| # include <stdint.h>
| #endif
| #ifdef HAVE_UNISTD_H
| # include <unistd.h>
| #endif
| int
| main ()
| {
| if (sizeof ((size_t)))
| 	    return 0;
|   ;
|   return 0;
| }
configure:5145: result: yes
configure:5156: checking for uint16_t
configure:5156: g++ -std=c++11 -c -g -O3 -Wall -Wextra  conftest.cpp >&5
configure:5156: $? = 0
configure:5156: result: yes
configure:5168: checking for uint32_t
configure:5168: g++ -std=c++11 -c -g -O3 -Wall -Wextra  conftest.cpp >&5
configure:5168: $? = 0
configure:5168: result: yes
configure:5182: checking for uint64_t
configure:5182: g++ -std=c++11 -c -g -O3 -Wall -Wextra  conftest.cpp >&5
configure:5182: $? = 0
configure:5182: result: yes
configure:5196: checking for uint8_t
configure:5196: g++ -std=c++11 -c -g -O3 -Wall -Wextra  conftest.cpp >&5
configure:5196: $? = 0
configure:5196: result: yes
configure:5214: checking for stdlib.h
configure:5214: result: yes
configure:5224: checking for GNU libc compatible malloc
configure:5248: g++ -std=c++11 -o conftest -g -O3 -Wall -Wextra   conftest.cpp  >&5
configure:5248: $? = 0
configure:5248: ./conftest
configure:5248: $? = 0
configure:5258: result: yes
configure:5285: checking for stdlib.h
configure:5285: result: yes
configure:5285: checking for unistd.h
configure:5285: result: yes
configure:5285: checking for sys/param.h
configure:5285: g++ -std=c++11 -c -g -O3 -Wall -Wextra  conftest.cpp >&5
configure:5285: $? = 0
configure:5285: result: yes
configure:5305: checking for getpagesize
configure:5305: g++ -std=c++11 -o conftest -g -O3 -Wall -Wextra   conftest.cpp  >&5
configure:5305: $? = 0
configure:5305: result: yes
configure:5314: checking for working mmap
configure:5461: g++ -std=c++11 -o conftest -g -O3 -Wall -Wextra   conftest.cpp  >&5
configure:5461: $? = 0
configure:5461: ./conftest
configure:5461: $? = 0
configure:5471: result: yes
configure:5483: checking for clock_gettime
configure:5483: g++ -std=c++11 -o conftest -g -O3 -Wall -Wextra   conftest.cpp  >&5
configure:5483: $? = 0
configure:5483: result: yes
configure:5483: checking for floor
configure:5483: g++ -std=c++11 -o conftest -g -O3 -Wall -Wextra   conftest.cpp  >&5
conftest.cpp:60:6: warning: declaration of 'char floor()' conflicts with built-in declaration 'double floor(double)' [-Wbuiltin-declaration-mismatch]
 char floor ();
      ^~~~~
configure:5483: $? = 0
configure:5483: result: yes
configure:5483: checking for gettimeofday
configure:5483: g++ -std=c++11 -o conftest -g -O3 -Wall -Wextra   conftest.cpp  >&5
configure:5483: $? = 0
configure:5483: result: yes
configure:5483: checking for memmove
configure:5483: g++ -std=c++11 -o conftest -g -O3 -Wall -Wextra   conftest.cpp  >&5
conftest.cpp:62:6: warning: declaration of 'char memmove()' conflicts with built-in declaration 'void* memmove(void*, const void*, long unsigned int)' [-Wbuiltin-declaration-mismatch]
 char memmove ();
      ^~~~~~~
configure:5483: $? = 0
configure:5483: result: yes
configure:5483: checking for memset
configure:5483: g++ -std=c++11 -o conftest -g -O3 -Wall -Wextra   conftest.cpp  >&5
conftest.cpp:63:6: warning: declaration of 'char memset()' conflicts with built-in declaration 'void* memset(void*, int, long unsigned int)' [-Wbuiltin-declaration-mismatch]
 char memset ();
      ^~~~~~
configure:5483: $? = 0
configure:5483: result: yes
configure:5483: checking for munmap
configure:5483: g++ -std=c++11 -o conftest -g -O3 -Wall -Wextra   conftest.cpp  >&5
configure:5483: $? = 0
configure:5483: result: yes
configure:5483: checking for pow
configure:5483: g++ -std=c++11 -o conftest -g -O3 -Wall -Wextra   conftest.cpp  >&5
conftest.cpp:65:6: warning: declaration of 'char pow()' conflicts with built-in declaration 'double pow(double, double)' [-Wbuiltin-declaration-mismatch]
 char pow ();
      ^~~
configure:5483: $? = 0
configure:5483: result: yes
configure:5483: checking for sqrt
configure:5483: g++ -std=c++11 -o conftest -g -O3 -Wall -Wextra   conftest.cpp  >&5
conftest.cpp:66:6: warning: declaration of 'char sqrt()' conflicts with built-in declaration 'double sqrt(double)' [-Wbuiltin-declaration-mismatch]
 char sqrt ();
      ^~~~
configure:5483: $? = 0
configure:5483: result: yes
configure:5483: checking for strerror
configure:5483: g++ -std=c++11 -o conftest -g -O3 -Wall -Wextra   conftest.cpp  >&5
configure:5483: $? = 0
configure:5483: result: yes
configure:5483: checking for strstr
configure:5483: g++ -std=c++11 -o conftest -g -O3 -Wall -Wextra   conftest.cpp  >&5
conftest.cpp:68:6: warning: declaration of 'char strstr()' conflicts with built-in declaration 'char* strstr(const char*, const char*)' [-Wbuiltin-declaration-mismatch]
 char strstr ();
      ^~~~~~
configure:5483: $? = 0
configure:5483: result: yes
configure:5501: checking for g++ -std=c++11 option to support OpenMP
configure:5516: g++ -std=c++11 -o conftest -g -O3 -Wall -Wextra   conftest.cpp  >&5
conftest.cpp:48:2: error: 'choke' does not name a type
  choke me
  ^~~~~
In file included from conftest.cpp:50:0:
/usr/lib/gcc/x86_64-linux-gnu/7/include/omp.h:39:3: error: 'omp_lock_t' does not name a type
 } omp_lock_t;
   ^~~~~~~~~~
/usr/lib/gcc/x86_64-linux-gnu/7/include/omp.h:100:28: error: variable or field 'omp_init_lock' declared void
 extern void omp_init_lock (omp_lock_t *) __GOMP_NOTHROW;
                            ^~~~~~~~~~
/usr/lib/gcc/x86_64-linux-gnu/7/include/omp.h:100:28: error: 'omp_lock_t' was not declared in this scope
/usr/lib/gcc/x86_64-linux-gnu/7/include/omp.h:100:28: note: suggested alternative: 'omp_lock_hint_t'
 extern void omp_init_lock (omp_lock_t *) __GOMP_NOTHROW;
                            ^~~~~~~~~~
                            omp_lock_hint_t
/usr/lib/gcc/x86_64-linux-gnu/7/include/omp.h:100:40: error: expected primary-expression before ')' token
 extern void omp_init_lock (omp_lock_t *) __GOMP_NOTHROW;
                                        ^
/usr/lib/gcc/x86_64-linux-gnu/7/include/omp.h:101:38: error: variable or field 'omp_init_lock_with_hint' declared void
 extern void omp_init_lock_with_hint (omp_lock_t *, omp_lock_hint_t)
                                      ^~~~~~~~~~
/usr/lib/gcc/x86_64-linux-gnu/7/include/omp.h:101:38: error: 'omp_lock_t' was not declared in this scope
/usr/lib/gcc/x86_64-linux-gnu/7/include/omp.h:101:38: note: suggested alternative: 'omp_lock_hint_t'
 extern void omp_init_lock_with_hint (omp_lock_t *, omp_lock_hint_t)
                                      ^~~~~~~~~~
                                      omp_lock_hint_t
/usr/lib/gcc/x86_64-linux-gnu/7/include/omp.h:101:50: error: expected primary-expression before ',' token
 extern void omp_init_lock_with_hint (omp_lock_t *, omp_lock_hint_t)
                                                  ^
/usr/lib/gcc/x86_64-linux-gnu/7/include/omp.h:101:67: error: expected primary-expression before ')' token
 extern void omp_init_lock_with_hint (omp_lock_t *, omp_lock_hint_t)
                                                                   ^
/usr/lib/gcc/x86_64-linux-gnu/7/include/omp.h:103:31: error: variable or field 'omp_destroy_lock' declared void
 extern void omp_destroy_lock (omp_lock_t *) __GOMP_NOTHROW;
                               ^~~~~~~~~~
/usr/lib/gcc/x86_64-linux-gnu/7/include/omp.h:103:31: error: 'omp_lock_t' was not declared in this scope
/usr/lib/gcc/x86_64-linux-gnu/7/include/omp.h:103:31: note: suggested alternative: 'omp_lock_hint_t'
 extern void omp_destroy_lock (omp_lock_t *) __GOMP_NOTHROW;
                               ^~~~~~~~~~
                               omp_lock_hint_t
/usr/lib/gcc/x86_64-linux-gnu/7/include/omp.h:103:43: error: expected primary-expression before ')' token
 extern void omp_destroy_lock (omp_lock_t *) __GOMP_NOTHROW;
                                           ^
/usr/lib/gcc/x86_64-linux-gnu/7/include/omp.h:104:27: error: variable or field 'omp_set_lock' declared void
 extern void omp_set_lock (omp_lock_t *) __GOMP_NOTHROW;
                           ^~~~~~~~~~
/usr/lib/gcc/x86_64-linux-gnu/7/include/omp.h:104:27: error: 'omp_lock_t' was not declared in this scope
/usr/lib/gcc/x86_64-linux-gnu/7/include/omp.h:104:27: note: suggested alternative: 'omp_lock_hint_t'
 extern void omp_set_lock (omp_lock_t *) __GOMP_NOTHROW;
                           ^~~~~~~~~~
                           omp_lock_hint_t
/usr/lib/gcc/x86_64-linux-gnu/7/include/omp.h:104:39: error: expected primary-expression before ')' token
 extern void omp_set_lock (omp_lock_t *) __GOMP_NOTHROW;
                                       ^
/usr/lib/gcc/x86_64-linux-gnu/7/include/omp.h:105:29: error: variable or field 'omp_unset_lock' declared void
 extern void omp_unset_lock (omp_lock_t *) __GOMP_NOTHROW;
                             ^~~~~~~~~~
/usr/lib/gcc/x86_64-linux-gnu/7/include/omp.h:105:29: error: 'omp_lock_t' was not declared in this scope
/usr/lib/gcc/x86_64-linux-gnu/7/include/omp.h:105:29: note: suggested alternative: 'omp_lock_hint_t'
 extern void omp_unset_lock (omp_lock_t *) __GOMP_NOTHROW;
                             ^~~~~~~~~~
                             omp_lock_hint_t
/usr/lib/gcc/x86_64-linux-gnu/7/include/omp.h:105:41: error: expected primary-expression before ')' token
 extern void omp_unset_lock (omp_lock_t *) __GOMP_NOTHROW;
                                         ^
/usr/lib/gcc/x86_64-linux-gnu/7/include/omp.h:106:27: error: 'omp_lock_t' was not declared in this scope
 extern int omp_test_lock (omp_lock_t *) __GOMP_NOTHROW;
                           ^~~~~~~~~~
/usr/lib/gcc/x86_64-linux-gnu/7/include/omp.h:106:27: note: suggested alternative: 'omp_lock_hint_t'
 extern int omp_test_lock (omp_lock_t *) __GOMP_NOTHROW;
                           ^~~~~~~~~~
                           omp_lock_hint_t
/usr/lib/gcc/x86_64-linux-gnu/7/include/omp.h:106:39: error: expected primary-expression before ')' token
 extern int omp_test_lock (omp_lock_t *) __GOMP_NOTHROW;
                                       ^
/usr/lib/gcc/x86_64-linux-gnu/7/include/omp.h:109:43: error: variable or field 'omp_init_nest_lock_with_hint' declared void
 extern void omp_init_nest_lock_with_hint (omp_lock_t *, omp_lock_hint_t)
                                           ^~~~~~~~~~
/usr/lib/gcc/x86_64-linux-gnu/7/include/omp.h:109:43: error: 'omp_lock_t' was not declared in this scope
/usr/lib/gcc/x86_64-linux-gnu/7/include/omp.h:109:43: note: suggested alternative: 'omp_lock_hint_t'
 extern void omp_init_nest_lock_with_hint (omp_lock_t *, omp_lock_hint_t)
                                           ^~~~~~~~~~
                                           omp_lock_hint_t
/usr/lib/gcc/x86_64-linux-gnu/7/include/omp.h:109:55: error: expected primary-expression before ',' token
 extern void omp_init_nest_lock_with_hint (omp_lock_t *, omp_lock_hint_t)
                                                       ^
/usr/lib/gcc/x86_64-linux-gnu/7/include/omp.h:109:72: error: expected primary-expression before ')' token
 extern void omp_init_nest_lock_with_hint (omp_lock_t *, omp_lock_hint_t)
                                                                        ^
configure:5516: $? = 1
configure: failed program was:
| /* confdefs.h */
| #define PACKAGE_NAME "faiss"
| #define PACKAGE_TARNAME "faiss"
| #define PACKAGE_VERSION "1.0"
| #define PACKAGE_STRING "faiss 1.0"
| #define PACKAGE_BUGREPORT ""
| #define PACKAGE_URL ""
| #define HAVE_CXX11 1
| #define STDC_HEADERS 1
| #define HAVE_SYS_TYPES_H 1
| #define HAVE_SYS_STAT_H 1
| #define HAVE_STDLIB_H 1
| #define HAVE_STRING_H 1
| #define HAVE_MEMORY_H 1
| #define HAVE_STRINGS_H 1
| #define HAVE_INTTYPES_H 1
| #define HAVE_STDINT_H 1
| #define HAVE_UNISTD_H 1
| #define HAVE_FLOAT_H 1
| #define HAVE_LIMITS_H 1
| #define HAVE_STDDEF_H 1
| #define HAVE_STDINT_H 1
| #define HAVE_STDLIB_H 1
| #define HAVE_STRING_H 1
| #define HAVE_SYS_TIME_H 1
| #define HAVE_UNISTD_H 1
| #define restrict __restrict
| #define HAVE_STDLIB_H 1
| #define HAVE_MALLOC 1
| #define HAVE_STDLIB_H 1
| #define HAVE_UNISTD_H 1
| #define HAVE_SYS_PARAM_H 1
| #define HAVE_GETPAGESIZE 1
| #define HAVE_MMAP 1
| #define HAVE_CLOCK_GETTIME 1
| #define HAVE_FLOOR 1
| #define HAVE_GETTIMEOFDAY 1
| #define HAVE_MEMMOVE 1
| #define HAVE_MEMSET 1
| #define HAVE_MUNMAP 1
| #define HAVE_POW 1
| #define HAVE_SQRT 1
| #define HAVE_STRERROR 1
| #define HAVE_STRSTR 1
| /* end confdefs.h.  */
| 
| #ifndef _OPENMP
|  choke me
| #endif
| #include <omp.h>
| int main () { return omp_get_num_threads (); }
| 
configure:5534: g++ -std=c++11 -o conftest -g -O3 -Wall -Wextra -fopenmp   conftest.cpp  >&5
configure:5534: $? = 0
configure:5548: result: -fopenmp
configure:5564: checking build system type
configure:5578: result: x86_64-pc-linux-gnu
configure:5598: checking host system type
configure:5611: result: x86_64-pc-linux-gnu
configure:5701: checking if sgemm_ is being linked in already
configure:5721: g++ -std=c++11 -o conftest -g -O3 -Wall -Wextra   conftest.cpp   >&5
/tmp/cc8H9RwD.o: In function `main':
/home/terence/xbrainn/faiss/conftest.cpp:57: undefined reference to `sgemm_'
collect2: error: ld returned 1 exit status
configure:5721: $? = 1
configure: failed program was:
| /* confdefs.h */
| #define PACKAGE_NAME "faiss"
| #define PACKAGE_TARNAME "faiss"
| #define PACKAGE_VERSION "1.0"
| #define PACKAGE_STRING "faiss 1.0"
| #define PACKAGE_BUGREPORT ""
| #define PACKAGE_URL ""
| #define HAVE_CXX11 1
| #define STDC_HEADERS 1
| #define HAVE_SYS_TYPES_H 1
| #define HAVE_SYS_STAT_H 1
| #define HAVE_STDLIB_H 1
| #define HAVE_STRING_H 1
| #define HAVE_MEMORY_H 1
| #define HAVE_STRINGS_H 1
| #define HAVE_INTTYPES_H 1
| #define HAVE_STDINT_H 1
| #define HAVE_UNISTD_H 1
| #define HAVE_FLOAT_H 1
| #define HAVE_LIMITS_H 1
| #define HAVE_STDDEF_H 1
| #define HAVE_STDINT_H 1
| #define HAVE_STDLIB_H 1
| #define HAVE_STRING_H 1
| #define HAVE_SYS_TIME_H 1
| #define HAVE_UNISTD_H 1
| #define restrict __restrict
| #define HAVE_STDLIB_H 1
| #define HAVE_MALLOC 1
| #define HAVE_STDLIB_H 1
| #define HAVE_UNISTD_H 1
| #define HAVE_SYS_PARAM_H 1
| #define HAVE_GETPAGESIZE 1
| #define HAVE_MMAP 1
| #define HAVE_CLOCK_GETTIME 1
| #define HAVE_FLOOR 1
| #define HAVE_GETTIMEOFDAY 1
| #define HAVE_MEMMOVE 1
| #define HAVE_MEMSET 1
| #define HAVE_MUNMAP 1
| #define HAVE_POW 1
| #define HAVE_SQRT 1
| #define HAVE_STRERROR 1
| #define HAVE_STRSTR 1
| /* end confdefs.h.  */
| 
| /* Override any GCC internal prototype to avoid an error.
|    Use char because int might match the return type of a GCC
|    builtin and then its argument prototype would still apply.  */
| #ifdef __cplusplus
| extern "C"
| #endif
| char sgemm_ ();
| int
| main ()
| {
| return sgemm_ ();
|   ;
|   return 0;
| }
configure:5726: result: no
configure:5781: checking for sgemm_ in -lmkl_intel_lp64
configure:5806: g++ -std=c++11 -o conftest -g -O3 -Wall -Wextra   conftest.cpp -lmkl_intel_lp64 -lmkl_intel_lp64 -lmkl_gnu_thread -lmkl_core -lgomp -lpthread -lm -ldl   >&5
/usr/bin/ld: cannot find -lmkl_intel_lp64
/usr/bin/ld: cannot find -lmkl_intel_lp64
/usr/bin/ld: cannot find -lmkl_gnu_thread
/usr/bin/ld: cannot find -lmkl_core
collect2: error: ld returned 1 exit status
configure:5806: $? = 1
configure: failed program was:
| /* confdefs.h */
| #define PACKAGE_NAME "faiss"
| #define PACKAGE_TARNAME "faiss"
| #define PACKAGE_VERSION "1.0"
| #define PACKAGE_STRING "faiss 1.0"
| #define PACKAGE_BUGREPORT ""
| #define PACKAGE_URL ""
| #define HAVE_CXX11 1
| #define STDC_HEADERS 1
| #define HAVE_SYS_TYPES_H 1
| #define HAVE_SYS_STAT_H 1
| #define HAVE_STDLIB_H 1
| #define HAVE_STRING_H 1
| #define HAVE_MEMORY_H 1
| #define HAVE_STRINGS_H 1
| #define HAVE_INTTYPES_H 1
| #define HAVE_STDINT_H 1
| #define HAVE_UNISTD_H 1
| #define HAVE_FLOAT_H 1
| #define HAVE_LIMITS_H 1
| #define HAVE_STDDEF_H 1
| #define HAVE_STDINT_H 1
| #define HAVE_STDLIB_H 1
| #define HAVE_STRING_H 1
| #define HAVE_SYS_TIME_H 1
| #define HAVE_UNISTD_H 1
| #define restrict __restrict
| #define HAVE_STDLIB_H 1
| #define HAVE_MALLOC 1
| #define HAVE_STDLIB_H 1
| #define HAVE_UNISTD_H 1
| #define HAVE_SYS_PARAM_H 1
| #define HAVE_GETPAGESIZE 1
| #define HAVE_MMAP 1
| #define HAVE_CLOCK_GETTIME 1
| #define HAVE_FLOOR 1
| #define HAVE_GETTIMEOFDAY 1
| #define HAVE_MEMMOVE 1
| #define HAVE_MEMSET 1
| #define HAVE_MUNMAP 1
| #define HAVE_POW 1
| #define HAVE_SQRT 1
| #define HAVE_STRERROR 1
| #define HAVE_STRSTR 1
| /* end confdefs.h.  */
| 
| /* Override any GCC internal prototype to avoid an error.
|    Use char because int might match the return type of a GCC
|    builtin and then its argument prototype would still apply.  */
| #ifdef __cplusplus
| extern "C"
| #endif
| char sgemm_ ();
| int
| main ()
| {
| return sgemm_ ();
|   ;
|   return 0;
| }
configure:5816: result: no
configure:5872: checking for sgemm_ in -lmkl
configure:5897: g++ -std=c++11 -o conftest -g -O3 -Wall -Wextra   conftest.cpp -lmkl -lguide -lpthread   >&5
/usr/bin/ld: cannot find -lmkl
/usr/bin/ld: cannot find -lguide
collect2: error: ld returned 1 exit status
configure:5897: $? = 1
configure: failed program was:
| /* confdefs.h */
| #define PACKAGE_NAME "faiss"
| #define PACKAGE_TARNAME "faiss"
| #define PACKAGE_VERSION "1.0"
| #define PACKAGE_STRING "faiss 1.0"
| #define PACKAGE_BUGREPORT ""
| #define PACKAGE_URL ""
| #define HAVE_CXX11 1
| #define STDC_HEADERS 1
| #define HAVE_SYS_TYPES_H 1
| #define HAVE_SYS_STAT_H 1
| #define HAVE_STDLIB_H 1
| #define HAVE_STRING_H 1
| #define HAVE_MEMORY_H 1
| #define HAVE_STRINGS_H 1
| #define HAVE_INTTYPES_H 1
| #define HAVE_STDINT_H 1
| #define HAVE_UNISTD_H 1
| #define HAVE_FLOAT_H 1
| #define HAVE_LIMITS_H 1
| #define HAVE_STDDEF_H 1
| #define HAVE_STDINT_H 1
| #define HAVE_STDLIB_H 1
| #define HAVE_STRING_H 1
| #define HAVE_SYS_TIME_H 1
| #define HAVE_UNISTD_H 1
| #define restrict __restrict
| #define HAVE_STDLIB_H 1
| #define HAVE_MALLOC 1
| #define HAVE_STDLIB_H 1
| #define HAVE_UNISTD_H 1
| #define HAVE_SYS_PARAM_H 1
| #define HAVE_GETPAGESIZE 1
| #define HAVE_MMAP 1
| #define HAVE_CLOCK_GETTIME 1
| #define HAVE_FLOOR 1
| #define HAVE_GETTIMEOFDAY 1
| #define HAVE_MEMMOVE 1
| #define HAVE_MEMSET 1
| #define HAVE_MUNMAP 1
| #define HAVE_POW 1
| #define HAVE_SQRT 1
| #define HAVE_STRERROR 1
| #define HAVE_STRSTR 1
| /* end confdefs.h.  */
| 
| /* Override any GCC internal prototype to avoid an error.
|    Use char because int might match the return type of a GCC
|    builtin and then its argument prototype would still apply.  */
| #ifdef __cplusplus
| extern "C"
| #endif
| char sgemm_ ();
| int
| main ()
| {
| return sgemm_ ();
|   ;
|   return 0;
| }
configure:5907: result: no
configure:5918: checking for sgemm_ in -lopenblas
configure:5943: g++ -std=c++11 -o conftest -g -O3 -Wall -Wextra   conftest.cpp -lopenblas    >&5
/usr/bin/ld: cannot find -lopenblas
collect2: error: ld returned 1 exit status
configure:5943: $? = 1
configure: failed program was:
| /* confdefs.h */
| #define PACKAGE_NAME "faiss"
| #define PACKAGE_TARNAME "faiss"
| #define PACKAGE_VERSION "1.0"
| #define PACKAGE_STRING "faiss 1.0"
| #define PACKAGE_BUGREPORT ""
| #define PACKAGE_URL ""
| #define HAVE_CXX11 1
| #define STDC_HEADERS 1
| #define HAVE_SYS_TYPES_H 1
| #define HAVE_SYS_STAT_H 1
| #define HAVE_STDLIB_H 1
| #define HAVE_STRING_H 1
| #define HAVE_MEMORY_H 1
| #define HAVE_STRINGS_H 1
| #define HAVE_INTTYPES_H 1
| #define HAVE_STDINT_H 1
| #define HAVE_UNISTD_H 1
| #define HAVE_FLOAT_H 1
| #define HAVE_LIMITS_H 1
| #define HAVE_STDDEF_H 1
| #define HAVE_STDINT_H 1
| #define HAVE_STDLIB_H 1
| #define HAVE_STRING_H 1
| #define HAVE_SYS_TIME_H 1
| #define HAVE_UNISTD_H 1
| #define restrict __restrict
| #define HAVE_STDLIB_H 1
| #define HAVE_MALLOC 1
| #define HAVE_STDLIB_H 1
| #define HAVE_UNISTD_H 1
| #define HAVE_SYS_PARAM_H 1
| #define HAVE_GETPAGESIZE 1
| #define HAVE_MMAP 1
| #define HAVE_CLOCK_GETTIME 1
| #define HAVE_FLOOR 1
| #define HAVE_GETTIMEOFDAY 1
| #define HAVE_MEMMOVE 1
| #define HAVE_MEMSET 1
| #define HAVE_MUNMAP 1
| #define HAVE_POW 1
| #define HAVE_SQRT 1
| #define HAVE_STRERROR 1
| #define HAVE_STRSTR 1
| /* end confdefs.h.  */
| 
| /* Override any GCC internal prototype to avoid an error.
|    Use char because int might match the return type of a GCC
|    builtin and then its argument prototype would still apply.  */
| #ifdef __cplusplus
| extern "C"
| #endif
| char sgemm_ ();
| int
| main ()
| {
| return sgemm_ ();
|   ;
|   return 0;
| }
configure:5953: result: no
configure:5964: checking for ATL_xerbla in -latlas
configure:5989: g++ -std=c++11 -o conftest -g -O3 -Wall -Wextra   conftest.cpp -latlas    >&5
/usr/bin/ld: cannot find -latlas
collect2: error: ld returned 1 exit status
configure:5989: $? = 1
configure: failed program was:
| /* confdefs.h */
| #define PACKAGE_NAME "faiss"
| #define PACKAGE_TARNAME "faiss"
| #define PACKAGE_VERSION "1.0"
| #define PACKAGE_STRING "faiss 1.0"
| #define PACKAGE_BUGREPORT ""
| #define PACKAGE_URL ""
| #define HAVE_CXX11 1
| #define STDC_HEADERS 1
| #define HAVE_SYS_TYPES_H 1
| #define HAVE_SYS_STAT_H 1
| #define HAVE_STDLIB_H 1
| #define HAVE_STRING_H 1
| #define HAVE_MEMORY_H 1
| #define HAVE_STRINGS_H 1
| #define HAVE_INTTYPES_H 1
| #define HAVE_STDINT_H 1
| #define HAVE_UNISTD_H 1
| #define HAVE_FLOAT_H 1
| #define HAVE_LIMITS_H 1
| #define HAVE_STDDEF_H 1
| #define HAVE_STDINT_H 1
| #define HAVE_STDLIB_H 1
| #define HAVE_STRING_H 1
| #define HAVE_SYS_TIME_H 1
| #define HAVE_UNISTD_H 1
| #define restrict __restrict
| #define HAVE_STDLIB_H 1
| #define HAVE_MALLOC 1
| #define HAVE_STDLIB_H 1
| #define HAVE_UNISTD_H 1
| #define HAVE_SYS_PARAM_H 1
| #define HAVE_GETPAGESIZE 1
| #define HAVE_MMAP 1
| #define HAVE_CLOCK_GETTIME 1
| #define HAVE_FLOOR 1
| #define HAVE_GETTIMEOFDAY 1
| #define HAVE_MEMMOVE 1
| #define HAVE_MEMSET 1
| #define HAVE_MUNMAP 1
| #define HAVE_POW 1
| #define HAVE_SQRT 1
| #define HAVE_STRERROR 1
| #define HAVE_STRSTR 1
| /* end confdefs.h.  */
| 
| /* Override any GCC internal prototype to avoid an error.
|    Use char because int might match the return type of a GCC
|    builtin and then its argument prototype would still apply.  */
| #ifdef __cplusplus
| extern "C"
| #endif
| char ATL_xerbla ();
| int
| main ()
| {
| return ATL_xerbla ();
|   ;
|   return 0;
| }
configure:5998: result: no
configure:6090: checking for sgemm_ in -lblas
configure:6115: g++ -std=c++11 -o conftest -g -O3 -Wall -Wextra   conftest.cpp -lblas    >&5
configure:6115: $? = 0
configure:6125: result: yes
configure:6129: checking for dgemm_ in -ldgemm
configure:6154: g++ -std=c++11 -o conftest -g -O3 -Wall -Wextra   conftest.cpp -ldgemm -lblas   >&5
/usr/bin/ld: cannot find -ldgemm
collect2: error: ld returned 1 exit status
configure:6154: $? = 1
configure: failed program was:
| /* confdefs.h */
| #define PACKAGE_NAME "faiss"
| #define PACKAGE_TARNAME "faiss"
| #define PACKAGE_VERSION "1.0"
| #define PACKAGE_STRING "faiss 1.0"
| #define PACKAGE_BUGREPORT ""
| #define PACKAGE_URL ""
| #define HAVE_CXX11 1
| #define STDC_HEADERS 1
| #define HAVE_SYS_TYPES_H 1
| #define HAVE_SYS_STAT_H 1
| #define HAVE_STDLIB_H 1
| #define HAVE_STRING_H 1
| #define HAVE_MEMORY_H 1
| #define HAVE_STRINGS_H 1
| #define HAVE_INTTYPES_H 1
| #define HAVE_STDINT_H 1
| #define HAVE_UNISTD_H 1
| #define HAVE_FLOAT_H 1
| #define HAVE_LIMITS_H 1
| #define HAVE_STDDEF_H 1
| #define HAVE_STDINT_H 1
| #define HAVE_STDLIB_H 1
| #define HAVE_STRING_H 1
| #define HAVE_SYS_TIME_H 1
| #define HAVE_UNISTD_H 1
| #define restrict __restrict
| #define HAVE_STDLIB_H 1
| #define HAVE_MALLOC 1
| #define HAVE_STDLIB_H 1
| #define HAVE_UNISTD_H 1
| #define HAVE_SYS_PARAM_H 1
| #define HAVE_GETPAGESIZE 1
| #define HAVE_MMAP 1
| #define HAVE_CLOCK_GETTIME 1
| #define HAVE_FLOOR 1
| #define HAVE_GETTIMEOFDAY 1
| #define HAVE_MEMMOVE 1
| #define HAVE_MEMSET 1
| #define HAVE_MUNMAP 1
| #define HAVE_POW 1
| #define HAVE_SQRT 1
| #define HAVE_STRERROR 1
| #define HAVE_STRSTR 1
| /* end confdefs.h.  */
| 
| /* Override any GCC internal prototype to avoid an error.
|    Use char because int might match the return type of a GCC
|    builtin and then its argument prototype would still apply.  */
| #ifdef __cplusplus
| extern "C"
| #endif
| char dgemm_ ();
| int
| main ()
| {
| return dgemm_ ();
|   ;
|   return 0;
| }
configure:6164: result: no
configure:6218: checking for sgemm_ in -framework vecLib
configure:6238: g++ -std=c++11 -o conftest -g -O3 -Wall -Wextra   conftest.cpp -framework vecLib   >&5
g++: error: vecLib: No such file or directory
g++: error: unrecognized command line option '-framework'
configure:6238: $? = 1
configure: failed program was:
| /* confdefs.h */
| #define PACKAGE_NAME "faiss"
| #define PACKAGE_TARNAME "faiss"
| #define PACKAGE_VERSION "1.0"
| #define PACKAGE_STRING "faiss 1.0"
| #define PACKAGE_BUGREPORT ""
| #define PACKAGE_URL ""
| #define HAVE_CXX11 1
| #define STDC_HEADERS 1
| #define HAVE_SYS_TYPES_H 1
| #define HAVE_SYS_STAT_H 1
| #define HAVE_STDLIB_H 1
| #define HAVE_STRING_H 1
| #define HAVE_MEMORY_H 1
| #define HAVE_STRINGS_H 1
| #define HAVE_INTTYPES_H 1
| #define HAVE_STDINT_H 1
| #define HAVE_UNISTD_H 1
| #define HAVE_FLOAT_H 1
| #define HAVE_LIMITS_H 1
| #define HAVE_STDDEF_H 1
| #define HAVE_STDINT_H 1
| #define HAVE_STDLIB_H 1
| #define HAVE_STRING_H 1
| #define HAVE_SYS_TIME_H 1
| #define HAVE_UNISTD_H 1
| #define restrict __restrict
| #define HAVE_STDLIB_H 1
| #define HAVE_MALLOC 1
| #define HAVE_STDLIB_H 1
| #define HAVE_UNISTD_H 1
| #define HAVE_SYS_PARAM_H 1
| #define HAVE_GETPAGESIZE 1
| #define HAVE_MMAP 1
| #define HAVE_CLOCK_GETTIME 1
| #define HAVE_FLOOR 1
| #define HAVE_GETTIMEOFDAY 1
| #define HAVE_MEMMOVE 1
| #define HAVE_MEMSET 1
| #define HAVE_MUNMAP 1
| #define HAVE_POW 1
| #define HAVE_SQRT 1
| #define HAVE_STRERROR 1
| #define HAVE_STRSTR 1
| /* end confdefs.h.  */
| 
| /* Override any GCC internal prototype to avoid an error.
|    Use char because int might match the return type of a GCC
|    builtin and then its argument prototype would still apply.  */
| #ifdef __cplusplus
| extern "C"
| #endif
| char sgemm_ ();
| int
| main ()
| {
| return sgemm_ ();
|   ;
|   return 0;
| }
configure:6243: result: no
configure:6251: checking for sgemm_ in -lcxml
configure:6276: g++ -std=c++11 -o conftest -g -O3 -Wall -Wextra   conftest.cpp -lcxml    >&5
/usr/bin/ld: cannot find -lcxml
collect2: error: ld returned 1 exit status
configure:6276: $? = 1
configure: failed program was:
| /* confdefs.h */
| #define PACKAGE_NAME "faiss"
| #define PACKAGE_TARNAME "faiss"
| #define PACKAGE_VERSION "1.0"
| #define PACKAGE_STRING "faiss 1.0"
| #define PACKAGE_BUGREPORT ""
| #define PACKAGE_URL ""
| #define HAVE_CXX11 1
| #define STDC_HEADERS 1
| #define HAVE_SYS_TYPES_H 1
| #define HAVE_SYS_STAT_H 1
| #define HAVE_STDLIB_H 1
| #define HAVE_STRING_H 1
| #define HAVE_MEMORY_H 1
| #define HAVE_STRINGS_H 1
| #define HAVE_INTTYPES_H 1
| #define HAVE_STDINT_H 1
| #define HAVE_UNISTD_H 1
| #define HAVE_FLOAT_H 1
| #define HAVE_LIMITS_H 1
| #define HAVE_STDDEF_H 1
| #define HAVE_STDINT_H 1
| #define HAVE_STDLIB_H 1
| #define HAVE_STRING_H 1
| #define HAVE_SYS_TIME_H 1
| #define HAVE_UNISTD_H 1
| #define restrict __restrict
| #define HAVE_STDLIB_H 1
| #define HAVE_MALLOC 1
| #define HAVE_STDLIB_H 1
| #define HAVE_UNISTD_H 1
| #define HAVE_SYS_PARAM_H 1
| #define HAVE_GETPAGESIZE 1
| #define HAVE_MMAP 1
| #define HAVE_CLOCK_GETTIME 1
| #define HAVE_FLOOR 1
| #define HAVE_GETTIMEOFDAY 1
| #define HAVE_MEMMOVE 1
| #define HAVE_MEMSET 1
| #define HAVE_MUNMAP 1
| #define HAVE_POW 1
| #define HAVE_SQRT 1
| #define HAVE_STRERROR 1
| #define HAVE_STRSTR 1
| /* end confdefs.h.  */
| 
| /* Override any GCC internal prototype to avoid an error.
|    Use char because int might match the return type of a GCC
|    builtin and then its argument prototype would still apply.  */
| #ifdef __cplusplus
| extern "C"
| #endif
| char sgemm_ ();
| int
| main ()
| {
| return sgemm_ ();
|   ;
|   return 0;
| }
configure:6286: result: no
configure:6297: checking for sgemm_ in -ldxml
configure:6322: g++ -std=c++11 -o conftest -g -O3 -Wall -Wextra   conftest.cpp -ldxml    >&5
/usr/bin/ld: cannot find -ldxml
collect2: error: ld returned 1 exit status
configure:6322: $? = 1
configure: failed program was:
| /* confdefs.h */
| #define PACKAGE_NAME "faiss"
| #define PACKAGE_TARNAME "faiss"
| #define PACKAGE_VERSION "1.0"
| #define PACKAGE_STRING "faiss 1.0"
| #define PACKAGE_BUGREPORT ""
| #define PACKAGE_URL ""
| #define HAVE_CXX11 1
| #define STDC_HEADERS 1
| #define HAVE_SYS_TYPES_H 1
| #define HAVE_SYS_STAT_H 1
| #define HAVE_STDLIB_H 1
| #define HAVE_STRING_H 1
| #define HAVE_MEMORY_H 1
| #define HAVE_STRINGS_H 1
| #define HAVE_INTTYPES_H 1
| #define HAVE_STDINT_H 1
| #define HAVE_UNISTD_H 1
| #define HAVE_FLOAT_H 1
| #define HAVE_LIMITS_H 1
| #define HAVE_STDDEF_H 1
| #define HAVE_STDINT_H 1
| #define HAVE_STDLIB_H 1
| #define HAVE_STRING_H 1
| #define HAVE_SYS_TIME_H 1
| #define HAVE_UNISTD_H 1
| #define restrict __restrict
| #define HAVE_STDLIB_H 1
| #define HAVE_MALLOC 1
| #define HAVE_STDLIB_H 1
| #define HAVE_UNISTD_H 1
| #define HAVE_SYS_PARAM_H 1
| #define HAVE_GETPAGESIZE 1
| #define HAVE_MMAP 1
| #define HAVE_CLOCK_GETTIME 1
| #define HAVE_FLOOR 1
| #define HAVE_GETTIMEOFDAY 1
| #define HAVE_MEMMOVE 1
| #define HAVE_MEMSET 1
| #define HAVE_MUNMAP 1
| #define HAVE_POW 1
| #define HAVE_SQRT 1
| #define HAVE_STRERROR 1
| #define HAVE_STRSTR 1
| /* end confdefs.h.  */
| 
| /* Override any GCC internal prototype to avoid an error.
|    Use char because int might match the return type of a GCC
|    builtin and then its argument prototype would still apply.  */
| #ifdef __cplusplus
| extern "C"
| #endif
| char sgemm_ ();
| int
| main ()
| {
| return sgemm_ ();
|   ;
|   return 0;
| }
configure:6332: result: no
configure:6431: checking for sgemm_ in -lscs
configure:6456: g++ -std=c++11 -o conftest -g -O3 -Wall -Wextra   conftest.cpp -lscs    >&5
/usr/bin/ld: cannot find -lscs
collect2: error: ld returned 1 exit status
configure:6456: $? = 1
configure: failed program was:
| /* confdefs.h */
| #define PACKAGE_NAME "faiss"
| #define PACKAGE_TARNAME "faiss"
| #define PACKAGE_VERSION "1.0"
| #define PACKAGE_STRING "faiss 1.0"
| #define PACKAGE_BUGREPORT ""
| #define PACKAGE_URL ""
| #define HAVE_CXX11 1
| #define STDC_HEADERS 1
| #define HAVE_SYS_TYPES_H 1
| #define HAVE_SYS_STAT_H 1
| #define HAVE_STDLIB_H 1
| #define HAVE_STRING_H 1
| #define HAVE_MEMORY_H 1
| #define HAVE_STRINGS_H 1
| #define HAVE_INTTYPES_H 1
| #define HAVE_STDINT_H 1
| #define HAVE_UNISTD_H 1
| #define HAVE_FLOAT_H 1
| #define HAVE_LIMITS_H 1
| #define HAVE_STDDEF_H 1
| #define HAVE_STDINT_H 1
| #define HAVE_STDLIB_H 1
| #define HAVE_STRING_H 1
| #define HAVE_SYS_TIME_H 1
| #define HAVE_UNISTD_H 1
| #define restrict __restrict
| #define HAVE_STDLIB_H 1
| #define HAVE_MALLOC 1
| #define HAVE_STDLIB_H 1
| #define HAVE_UNISTD_H 1
| #define HAVE_SYS_PARAM_H 1
| #define HAVE_GETPAGESIZE 1
| #define HAVE_MMAP 1
| #define HAVE_CLOCK_GETTIME 1
| #define HAVE_FLOOR 1
| #define HAVE_GETTIMEOFDAY 1
| #define HAVE_MEMMOVE 1
| #define HAVE_MEMSET 1
| #define HAVE_MUNMAP 1
| #define HAVE_POW 1
| #define HAVE_SQRT 1
| #define HAVE_STRERROR 1
| #define HAVE_STRSTR 1
| /* end confdefs.h.  */
| 
| /* Override any GCC internal prototype to avoid an error.
|    Use char because int might match the return type of a GCC
|    builtin and then its argument prototype would still apply.  */
| #ifdef __cplusplus
| extern "C"
| #endif
| char sgemm_ ();
| int
| main ()
| {
| return sgemm_ ();
|   ;
|   return 0;
| }
configure:6466: result: no
configure:6477: checking for sgemm_ in -lcomplib.sgimath
configure:6502: g++ -std=c++11 -o conftest -g -O3 -Wall -Wextra   conftest.cpp -lcomplib.sgimath    >&5
/usr/bin/ld: cannot find -lcomplib.sgimath
collect2: error: ld returned 1 exit status
configure:6502: $? = 1
configure: failed program was:
| /* confdefs.h */
| #define PACKAGE_NAME "faiss"
| #define PACKAGE_TARNAME "faiss"
| #define PACKAGE_VERSION "1.0"
| #define PACKAGE_STRING "faiss 1.0"
| #define PACKAGE_BUGREPORT ""
| #define PACKAGE_URL ""
| #define HAVE_CXX11 1
| #define STDC_HEADERS 1
| #define HAVE_SYS_TYPES_H 1
| #define HAVE_SYS_STAT_H 1
| #define HAVE_STDLIB_H 1
| #define HAVE_STRING_H 1
| #define HAVE_MEMORY_H 1
| #define HAVE_STRINGS_H 1
| #define HAVE_INTTYPES_H 1
| #define HAVE_STDINT_H 1
| #define HAVE_UNISTD_H 1
| #define HAVE_FLOAT_H 1
| #define HAVE_LIMITS_H 1
| #define HAVE_STDDEF_H 1
| #define HAVE_STDINT_H 1
| #define HAVE_STDLIB_H 1
| #define HAVE_STRING_H 1
| #define HAVE_SYS_TIME_H 1
| #define HAVE_UNISTD_H 1
| #define restrict __restrict
| #define HAVE_STDLIB_H 1
| #define HAVE_MALLOC 1
| #define HAVE_STDLIB_H 1
| #define HAVE_UNISTD_H 1
| #define HAVE_SYS_PARAM_H 1
| #define HAVE_GETPAGESIZE 1
| #define HAVE_MMAP 1
| #define HAVE_CLOCK_GETTIME 1
| #define HAVE_FLOOR 1
| #define HAVE_GETTIMEOFDAY 1
| #define HAVE_MEMMOVE 1
| #define HAVE_MEMSET 1
| #define HAVE_MUNMAP 1
| #define HAVE_POW 1
| #define HAVE_SQRT 1
| #define HAVE_STRERROR 1
| #define HAVE_STRSTR 1
| /* end confdefs.h.  */
| 
| /* Override any GCC internal prototype to avoid an error.
|    Use char because int might match the return type of a GCC
|    builtin and then its argument prototype would still apply.  */
| #ifdef __cplusplus
| extern "C"
| #endif
| char sgemm_ ();
| int
| main ()
| {
| return sgemm_ ();
|   ;
|   return 0;
| }
configure:6512: result: no
configure:6523: checking for sgemm_ in -lblas
configure:6558: result: yes
configure:6562: checking for sgemm_ in -lessl
configure:6587: g++ -std=c++11 -o conftest -g -O3 -Wall -Wextra   conftest.cpp -lessl -lblas    >&5
/usr/bin/ld: cannot find -lessl
collect2: error: ld returned 1 exit status
configure:6587: $? = 1
configure: failed program was:
| /* confdefs.h */
| #define PACKAGE_NAME "faiss"
| #define PACKAGE_TARNAME "faiss"
| #define PACKAGE_VERSION "1.0"
| #define PACKAGE_STRING "faiss 1.0"
| #define PACKAGE_BUGREPORT ""
| #define PACKAGE_URL ""
| #define HAVE_CXX11 1
| #define STDC_HEADERS 1
| #define HAVE_SYS_TYPES_H 1
| #define HAVE_SYS_STAT_H 1
| #define HAVE_STDLIB_H 1
| #define HAVE_STRING_H 1
| #define HAVE_MEMORY_H 1
| #define HAVE_STRINGS_H 1
| #define HAVE_INTTYPES_H 1
| #define HAVE_STDINT_H 1
| #define HAVE_UNISTD_H 1
| #define HAVE_FLOAT_H 1
| #define HAVE_LIMITS_H 1
| #define HAVE_STDDEF_H 1
| #define HAVE_STDINT_H 1
| #define HAVE_STDLIB_H 1
| #define HAVE_STRING_H 1
| #define HAVE_SYS_TIME_H 1
| #define HAVE_UNISTD_H 1
| #define restrict __restrict
| #define HAVE_STDLIB_H 1
| #define HAVE_MALLOC 1
| #define HAVE_STDLIB_H 1
| #define HAVE_UNISTD_H 1
| #define HAVE_SYS_PARAM_H 1
| #define HAVE_GETPAGESIZE 1
| #define HAVE_MMAP 1
| #define HAVE_CLOCK_GETTIME 1
| #define HAVE_FLOOR 1
| #define HAVE_GETTIMEOFDAY 1
| #define HAVE_MEMMOVE 1
| #define HAVE_MEMSET 1
| #define HAVE_MUNMAP 1
| #define HAVE_POW 1
| #define HAVE_SQRT 1
| #define HAVE_STRERROR 1
| #define HAVE_STRSTR 1
| /* end confdefs.h.  */
| 
| /* Override any GCC internal prototype to avoid an error.
|    Use char because int might match the return type of a GCC
|    builtin and then its argument prototype would still apply.  */
| #ifdef __cplusplus
| extern "C"
| #endif
| char sgemm_ ();
| int
| main ()
| {
| return sgemm_ ();
|   ;
|   return 0;
| }
configure:6597: result: no
configure:6610: checking for sgemm_ in -lblas
configure:6645: result: yes
configure:6742: checking for cheev_
configure:6742: g++ -std=c++11 -o conftest -g -O3 -Wall -Wextra   conftest.cpp  -lblas  >&5
/tmp/ccOYzCV4.o: In function `main':
/home/terence/xbrainn/faiss/conftest.cpp:81: undefined reference to `cheev_'
collect2: error: ld returned 1 exit status
configure:6742: $? = 1
configure: failed program was:
| /* confdefs.h */
| #define PACKAGE_NAME "faiss"
| #define PACKAGE_TARNAME "faiss"
| #define PACKAGE_VERSION "1.0"
| #define PACKAGE_STRING "faiss 1.0"
| #define PACKAGE_BUGREPORT ""
| #define PACKAGE_URL ""
| #define HAVE_CXX11 1
| #define STDC_HEADERS 1
| #define HAVE_SYS_TYPES_H 1
| #define HAVE_SYS_STAT_H 1
| #define HAVE_STDLIB_H 1
| #define HAVE_STRING_H 1
| #define HAVE_MEMORY_H 1
| #define HAVE_STRINGS_H 1
| #define HAVE_INTTYPES_H 1
| #define HAVE_STDINT_H 1
| #define HAVE_UNISTD_H 1
| #define HAVE_FLOAT_H 1
| #define HAVE_LIMITS_H 1
| #define HAVE_STDDEF_H 1
| #define HAVE_STDINT_H 1
| #define HAVE_STDLIB_H 1
| #define HAVE_STRING_H 1
| #define HAVE_SYS_TIME_H 1
| #define HAVE_UNISTD_H 1
| #define restrict __restrict
| #define HAVE_STDLIB_H 1
| #define HAVE_MALLOC 1
| #define HAVE_STDLIB_H 1
| #define HAVE_UNISTD_H 1
| #define HAVE_SYS_PARAM_H 1
| #define HAVE_GETPAGESIZE 1
| #define HAVE_MMAP 1
| #define HAVE_CLOCK_GETTIME 1
| #define HAVE_FLOOR 1
| #define HAVE_GETTIMEOFDAY 1
| #define HAVE_MEMMOVE 1
| #define HAVE_MEMSET 1
| #define HAVE_MUNMAP 1
| #define HAVE_POW 1
| #define HAVE_SQRT 1
| #define HAVE_STRERROR 1
| #define HAVE_STRSTR 1
| #define HAVE_BLAS 1
| /* end confdefs.h.  */
| /* Define cheev_ to an innocuous variant, in case <limits.h> declares cheev_.
|    For example, HP-UX 11i <limits.h> declares gettimeofday.  */
| #define cheev_ innocuous_cheev_
| 
| /* System header to define __stub macros and hopefully few prototypes,
|     which can conflict with char cheev_ (); below.
|     Prefer <limits.h> to <assert.h> if __STDC__ is defined, since
|     <limits.h> exists even on freestanding compilers.  */
| 
| #ifdef __STDC__
| # include <limits.h>
| #else
| # include <assert.h>
| #endif
| 
| #undef cheev_
| 
| /* Override any GCC internal prototype to avoid an error.
|    Use char because int might match the return type of a GCC
|    builtin and then its argument prototype would still apply.  */
| #ifdef __cplusplus
| extern "C"
| #endif
| char cheev_ ();
| /* The GNU C library defines this for functions which it implements
|     to always fail with ENOSYS.  Some functions are actually named
|     something starting with __ and the normal name is an alias.  */
| #if defined __stub_cheev_ || defined __stub___cheev_
| choke me
| #endif
| 
| int
| main ()
| {
| return cheev_ ();
|   ;
|   return 0;
| }
configure:6742: result: no
configure:6755: checking for cheev_ in -llapack
configure:6780: g++ -std=c++11 -o conftest -g -O3 -Wall -Wextra   conftest.cpp -llapack  -lblas  >&5
configure:6780: $? = 0
configure:6790: result: yes
configure:6970: creating ./config.status

## ---------------------- ##
## Running config.status. ##
## ---------------------- ##

This file was extended by faiss config.status 1.0, which was
generated by GNU Autoconf 2.69.  Invocation command line was

  CONFIG_FILES    = 
  CONFIG_HEADERS  = 
  CONFIG_LINKS    = 
  CONFIG_COMMANDS = 
  $ ./config.status 

on Terence

config.status:758: creating makefile.inc

## ---------------- ##
## Cache variables. ##
## ---------------- ##

ac_cv_build=x86_64-pc-linux-gnu
ac_cv_c_compiler_gnu=yes
ac_cv_c_inline=inline
ac_cv_c_int32_t=yes
ac_cv_c_int64_t=yes
ac_cv_c_restrict=__restrict
ac_cv_c_uint16_t=yes
ac_cv_c_uint32_t=yes
ac_cv_c_uint64_t=yes
ac_cv_c_uint8_t=yes
ac_cv_cxx_compiler_gnu=yes
ac_cv_env_CCC_set=
ac_cv_env_CCC_value=
ac_cv_env_CC_set=
ac_cv_env_CC_value=
ac_cv_env_CFLAGS_set=
ac_cv_env_CFLAGS_value=
ac_cv_env_CPPFLAGS_set=
ac_cv_env_CPPFLAGS_value=
ac_cv_env_CPP_set=
ac_cv_env_CPP_value=
ac_cv_env_CXXCPP_set=
ac_cv_env_CXXCPP_value=
ac_cv_env_CXXFLAGS_set=
ac_cv_env_CXXFLAGS_value=
ac_cv_env_CXX_set=
ac_cv_env_CXX_value=
ac_cv_env_LDFLAGS_set=
ac_cv_env_LDFLAGS_value=
ac_cv_env_LIBS_set=
ac_cv_env_LIBS_value=
ac_cv_env_build_alias_set=
ac_cv_env_build_alias_value=
ac_cv_env_host_alias_set=
ac_cv_env_host_alias_value=
ac_cv_env_target_alias_set=
ac_cv_env_target_alias_value=
ac_cv_func_cheev_=no
ac_cv_func_clock_gettime=yes
ac_cv_func_floor=yes
ac_cv_func_getpagesize=yes
ac_cv_func_gettimeofday=yes
ac_cv_func_malloc_0_nonnull=yes
ac_cv_func_memmove=yes
ac_cv_func_memset=yes
ac_cv_func_mmap_fixed_mapped=yes
ac_cv_func_munmap=yes
ac_cv_func_pow=yes
ac_cv_func_sqrt=yes
ac_cv_func_strerror=yes
ac_cv_func_strstr=yes
ac_cv_header_float_h=yes
ac_cv_header_inttypes_h=yes
ac_cv_header_limits_h=yes
ac_cv_header_memory_h=yes
ac_cv_header_stdbool_h=no
ac_cv_header_stdc=yes
ac_cv_header_stddef_h=yes
ac_cv_header_stdint_h=yes
ac_cv_header_stdlib_h=yes
ac_cv_header_string_h=yes
ac_cv_header_strings_h=yes
ac_cv_header_sys_param_h=yes
ac_cv_header_sys_stat_h=yes
ac_cv_header_sys_time_h=yes
ac_cv_header_sys_types_h=yes
ac_cv_header_unistd_h=yes
ac_cv_host=x86_64-pc-linux-gnu
ac_cv_lib_atlas_ATL_xerbla=no
ac_cv_lib_blas_sgemm_=yes
ac_cv_lib_complib_sgimath_sgemm_=no
ac_cv_lib_cxml_sgemm_=no
ac_cv_lib_dgemm_dgemm_=no
ac_cv_lib_dxml_sgemm_=no
ac_cv_lib_essl_sgemm_=no
ac_cv_lib_lapack___cheev_=yes
ac_cv_lib_mkl_intel_lp64_sgemm_=no
ac_cv_lib_mkl_sgemm_=no
ac_cv_lib_openblas_sgemm_=no
ac_cv_lib_scs_sgemm_=no
ac_cv_objext=o
ac_cv_path_EGREP='/bin/grep -E'
ac_cv_path_GREP=/bin/grep
ac_cv_path_mkdir=/bin/mkdir
ac_cv_prog_CPP='gcc -E'
ac_cv_prog_CXXCPP='g++ -std=c++11 -E'
ac_cv_prog_NVCC=
ac_cv_prog_PYTHON=python
ac_cv_prog_PYTHON_CFG=python-config
ac_cv_prog_ac_ct_CC=gcc
ac_cv_prog_ac_ct_CXX=g++
ac_cv_prog_cc_c89=
ac_cv_prog_cc_g=yes
ac_cv_prog_cxx_g=yes
ac_cv_prog_cxx_openmp=-fopenmp
ac_cv_prog_make_make_set=yes
ac_cv_type__Bool=no
ac_cv_type_size_t=yes
ax_cv_cxx_compile_cxx11__std_cpp11=yes

## ----------------- ##
## Output variables. ##
## ----------------- ##

BLAS_LIBS='-lblas'
CC='gcc'
CFLAGS='-g -O2'
CPP='gcc -E'
CPPFLAGS=''
CUDA_PREFIX=''
CXX='g++ -std=c++11'
CXXCPP='g++ -std=c++11 -E'
CXXFLAGS='-g -O3 -Wall -Wextra'
DEFS='-DPACKAGE_NAME=\"faiss\" -DPACKAGE_TARNAME=\"faiss\" -DPACKAGE_VERSION=\"1.0\" -DPACKAGE_STRING=\"faiss\ 1.0\" -DPACKAGE_BUGREPORT=\"\" -DPACKAGE_URL=\"\" -DHAVE_CXX11=1 -DSTDC_HEADERS=1 -DHAVE_SYS_TYPES_H=1 -DHAVE_SYS_STAT_H=1 -DHAVE_STDLIB_H=1 -DHAVE_STRING_H=1 -DHAVE_MEMORY_H=1 -DHAVE_STRINGS_H=1 -DHAVE_INTTYPES_H=1 -DHAVE_STDINT_H=1 -DHAVE_UNISTD_H=1 -DHAVE_FLOAT_H=1 -DHAVE_LIMITS_H=1 -DHAVE_STDDEF_H=1 -DHAVE_STDINT_H=1 -DHAVE_STDLIB_H=1 -DHAVE_STRING_H=1 -DHAVE_SYS_TIME_H=1 -DHAVE_UNISTD_H=1 -Drestrict=__restrict -DHAVE_STDLIB_H=1 -DHAVE_MALLOC=1 -DHAVE_STDLIB_H=1 -DHAVE_UNISTD_H=1 -DHAVE_SYS_PARAM_H=1 -DHAVE_GETPAGESIZE=1 -DHAVE_MMAP=1 -DHAVE_CLOCK_GETTIME=1 -DHAVE_FLOOR=1 -DHAVE_GETTIMEOFDAY=1 -DHAVE_MEMMOVE=1 -DHAVE_MEMSET=1 -DHAVE_MUNMAP=1 -DHAVE_POW=1 -DHAVE_SQRT=1 -DHAVE_STRERROR=1 -DHAVE_STRSTR=1 -DHAVE_BLAS=1 -DHAVE_LAPACK=1'
ECHO_C=''
ECHO_N='-n'
ECHO_T=''
EGREP='/bin/grep -E'
EXEEXT=''
GREP='/bin/grep'
HAVE_CXX11='1'
LAPACK_LIBS='-llapack'
LDFLAGS=''
LIBOBJS=''
LIBS=''
LTLIBOBJS=''
MKDIR_P='/bin/mkdir -p'
NUMPY_INCLUDE=''
NVCC=''
NVCC_CPPFLAGS=''
NVCC_LDFLAGS=''
NVCC_LIBS=''
OBJEXT='o'
OPENMP_CXXFLAGS='-fopenmp'
OPENMP_LDFLAGS='-fopenmp'
PACKAGE_BUGREPORT=''
PACKAGE_NAME='faiss'
PACKAGE_STRING='faiss 1.0'
PACKAGE_TARNAME='faiss'
PACKAGE_URL=''
PACKAGE_VERSION='1.0'
PATH_SEPARATOR=':'
PYTHON='python'
PYTHON_CFG='python-config'
PYTHON_CFLAGS='-I/usr/include/python2.7 -I/usr/include/x86_64-linux-gnu/python2.7'
PYTHON_LDFLAGS='-L/usr/lib/python2.7/config-x86_64-linux-gnu -L/usr/lib -lpython2.7 -lpthread -ldl  -lutil -lm  -Xlinker -export-dynamic -Wl,-O1 -Wl,-Bsymbolic-functions'
SET_MAKE=''
SHELL='/bin/bash'
SWIG=''
ac_ct_CC='gcc'
ac_ct_CXX='g++'
bindir='${exec_prefix}/bin'
build='x86_64-pc-linux-gnu'
build_alias=''
build_cpu='x86_64'
build_os='linux-gnu'
build_vendor='pc'
datadir='${datarootdir}'
datarootdir='${prefix}/share'
docdir='${datarootdir}/doc/${PACKAGE_TARNAME}'
dvidir='${docdir}'
exec_prefix='${prefix}'
host='x86_64-pc-linux-gnu'
host_alias=''
host_cpu='x86_64'
host_os='linux-gnu'
host_vendor='pc'
htmldir='${docdir}'
includedir='${prefix}/include'
infodir='${datarootdir}/info'
libdir='${exec_prefix}/lib'
libexecdir='${exec_prefix}/libexec'
localedir='${datarootdir}/locale'
localstatedir='${prefix}/var'
mandir='${datarootdir}/man'
oldincludedir='/usr/include'
pdfdir='${docdir}'
prefix='/usr/local'
program_transform_name='s,x,x,'
psdir='${docdir}'
sbindir='${exec_prefix}/sbin'
sharedstatedir='${prefix}/com'
sysconfdir='${prefix}/etc'
target_alias=''

## ----------- ##
## confdefs.h. ##
## ----------- ##

/* confdefs.h */
#define PACKAGE_NAME "faiss"
#define PACKAGE_TARNAME "faiss"
#define PACKAGE_VERSION "1.0"
#define PACKAGE_STRING "faiss 1.0"
#define PACKAGE_BUGREPORT ""
#define PACKAGE_URL ""
#define HAVE_CXX11 1
#define STDC_HEADERS 1
#define HAVE_SYS_TYPES_H 1
#define HAVE_SYS_STAT_H 1
#define HAVE_STDLIB_H 1
#define HAVE_STRING_H 1
#define HAVE_MEMORY_H 1
#define HAVE_STRINGS_H 1
#define HAVE_INTTYPES_H 1
#define HAVE_STDINT_H 1
#define HAVE_UNISTD_H 1
#define HAVE_FLOAT_H 1
#define HAVE_LIMITS_H 1
#define HAVE_STDDEF_H 1
#define HAVE_STDINT_H 1
#define HAVE_STDLIB_H 1
#define HAVE_STRING_H 1
#define HAVE_SYS_TIME_H 1
#define HAVE_UNISTD_H 1
#define restrict __restrict
#define HAVE_STDLIB_H 1
#define HAVE_MALLOC 1
#define HAVE_STDLIB_H 1
#define HAVE_UNISTD_H 1
#define HAVE_SYS_PARAM_H 1
#define HAVE_GETPAGESIZE 1
#define HAVE_MMAP 1
#define HAVE_CLOCK_GETTIME 1
#define HAVE_FLOOR 1
#define HAVE_GETTIMEOFDAY 1
#define HAVE_MEMMOVE 1
#define HAVE_MEMSET 1
#define HAVE_MUNMAP 1
#define HAVE_POW 1
#define HAVE_SQRT 1
#define HAVE_STRERROR 1
#define HAVE_STRSTR 1
#define HAVE_BLAS 1
#define HAVE_LAPACK 1

configure: exit 0
